2024-12-02 11:02:56,023 - INFO - Lancement de tous les services...
2024-12-02 11:02:56,023 - INFO - Démarrage de l'API avec Uvicorn...
2024-12-02 11:02:56,023 - INFO - En attente de l'API...
2024-12-02 11:03:26,384 - ERROR - Erreur lors de l'exécution des services : L'API n'est pas disponible après 10 secondes.
2024-12-02 11:06:41,752 - INFO - Lancement de tous les services...
2024-12-02 11:06:41,752 - INFO - Démarrage de l'API avec Uvicorn...
2024-12-02 11:06:41,752 - INFO - En attente de l'API...
2024-12-02 11:06:55,438 - INFO - API disponible.
2024-12-02 11:06:55,438 - INFO - Démarrage du script Watchdog...
2024-12-02 11:07:05,325 - INFO - Fichier 'donnees_melangees.txt' inséré avec succès.
2024-12-02 11:07:44,663 - INFO - Fichier 'lois.txt' inséré avec succès.
2024-12-02 11:07:54,053 - INFO - Fichier 'tweets.txt' inséré avec succès.
2024-12-02 11:16:19,636 - INFO - Lancement de tous les services...
2024-12-02 11:16:19,636 - INFO - Démarrage de l'API avec Uvicorn...
2024-12-02 11:16:19,636 - INFO - En attente de l'API...
2024-12-02 11:16:33,809 - INFO - API disponible.
2024-12-02 11:16:33,809 - INFO - Démarrage du script Watchdog...
2024-12-02 11:16:48,236 - INFO - Fichier 'donnees_melangees.txt' inséré avec succès.
2024-12-02 11:16:48,894 - INFO - Fichier 'lois.txt' inséré avec succès.
2024-12-02 11:16:49,943 - INFO - Fichier 'tweets.txt' inséré avec succès.
2024-12-02 11:17:52,511 - INFO - Fichier 'tweets.txt' inséré avec succès.
2024-12-02 11:22:44,911 - INFO - Lancement de tous les services...
2024-12-02 11:22:44,913 - INFO - Démarrage de l'API avec Uvicorn...
2024-12-02 11:22:44,913 - INFO - En attente de l'API...
